[INFO  Fri Dec 26 13:56:33 2025] ...zy/mason.nvim/lua/mason-core/installer/InstallRunner.lua:40: Executing installer for Package(name=stylua) {
  debug = false,
  force = false,
  strict = false
}
[INFO  Fri Dec 26 13:56:33 2025] ...zy/mason.nvim/lua/mason-core/installer/InstallRunner.lua:40: Executing installer for Package(name=shfmt) {
  debug = false,
  force = false,
  strict = false
}
[INFO  Fri Dec 26 13:56:34 2025] ...zy/mason.nvim/lua/mason-core/installer/InstallRunner.lua:86: Installation succeeded for Package(name=shfmt)
[INFO  Fri Dec 26 13:56:34 2025] ...zy/mason.nvim/lua/mason-core/installer/InstallRunner.lua:86: Installation succeeded for Package(name=stylua)
[INFO  Fri Dec 26 13:57:18 2025] ...zy/mason.nvim/lua/mason-core/installer/InstallRunner.lua:40: Executing installer for Package(name=swiftlint) {
  debug = false,
  force = false,
  strict = false
}
[INFO  Fri Dec 26 13:57:18 2025] ...zy/mason.nvim/lua/mason-core/installer/InstallRunner.lua:40: Executing installer for Package(name=swiftformat) {
  debug = false,
  force = false,
  strict = false
}
[INFO  Fri Dec 26 13:57:21 2025] ...zy/mason.nvim/lua/mason-core/installer/InstallRunner.lua:86: Installation succeeded for Package(name=swiftlint)
[INFO  Fri Dec 26 13:57:22 2025] ...zy/mason.nvim/lua/mason-core/installer/InstallRunner.lua:86: Installation succeeded for Package(name=swiftformat)
